25-Sep-2024 22:55:57.757 INFO [main] org.apache.catalina.startup.VersionLoggerListener.log Server version name:   Apache Tomcat/10.1.26
25-Sep-2024 22:55:57.760 INFO [main] org.apache.catalina.startup.VersionLoggerListener.log Server built:          Jul 7 2024 21:02:13 UTC
25-Sep-2024 22:55:57.761 INFO [main] org.apache.catalina.startup.VersionLoggerListener.log Server version number: 10.1.26.0
25-Sep-2024 22:55:57.761 INFO [main] org.apache.catalina.startup.VersionLoggerListener.log OS Name:               Windows 11
25-Sep-2024 22:55:57.761 INFO [main] org.apache.catalina.startup.VersionLoggerListener.log OS Version:            10.0
25-Sep-2024 22:55:57.761 INFO [main] org.apache.catalina.startup.VersionLoggerListener.log Architecture:          amd64
25-Sep-2024 22:55:57.761 INFO [main] org.apache.catalina.startup.VersionLoggerListener.log Java Home:             C:\Users\AN CUTE\.jdks\openjdk-22.0.2
25-Sep-2024 22:55:57.761 INFO [main] org.apache.catalina.startup.VersionLoggerListener.log JVM Version:           22.0.2+9-70
25-Sep-2024 22:55:57.761 INFO [main] org.apache.catalina.startup.VersionLoggerListener.log JVM Vendor:            Oracle Corporation
25-Sep-2024 22:55:57.761 INFO [main] org.apache.catalina.startup.VersionLoggerListener.log CATALINA_BASE:         D:\UTE_Huhu\HK1-2025\WEB\Week4\Ch05ex2
25-Sep-2024 22:55:57.761 INFO [main] org.apache.catalina.startup.VersionLoggerListener.log CATALINA_HOME:         D:\UTE_Huhu\HK1-2025\WEB\TomCat\apache-tomcat-10.1.26
25-Sep-2024 22:55:57.768 INFO [main] org.apache.catalina.startup.VersionLoggerListener.log Command line argument: --add-opens=java.base/java.lang=ALL-UNNAMED
25-Sep-2024 22:55:57.768 INFO [main] org.apache.catalina.startup.VersionLoggerListener.log Command line argument: --add-opens=java.base/java.io=ALL-UNNAMED
25-Sep-2024 22:55:57.768 INFO [main] org.apache.catalina.startup.VersionLoggerListener.log Command line argument: --add-opens=java.base/java.util=ALL-UNNAMED
25-Sep-2024 22:55:57.768 INFO [main] org.apache.catalina.startup.VersionLoggerListener.log Command line argument: --add-opens=java.base/java.util.concurrent=ALL-UNNAMED
25-Sep-2024 22:55:57.768 INFO [main] org.apache.catalina.startup.VersionLoggerListener.log Command line argument: --add-opens=java.rmi/sun.rmi.transport=ALL-UNNAMED
25-Sep-2024 22:55:57.768 INFO [main] org.apache.catalina.startup.VersionLoggerListener.log Command line argument: -Dcatalina.home=D:\UTE_Huhu\HK1-2025\WEB\TomCat\apache-tomcat-10.1.26
25-Sep-2024 22:55:57.768 INFO [main] org.apache.catalina.startup.VersionLoggerListener.log Command line argument: -Dcatalina.base=D:\UTE_Huhu\HK1-2025\WEB\Week4\Ch05ex2
25-Sep-2024 22:55:57.769 INFO [main] org.apache.catalina.startup.VersionLoggerListener.log Command line argument: -Djava.io.tmpdir=D:\UTE_Huhu\HK1-2025\WEB\Week4\Ch05ex2\temp
25-Sep-2024 22:55:57.769 INFO [main] org.apache.catalina.startup.VersionLoggerListener.log Command line argument: -Djava.util.logging.config.file=D:\UTE_Huhu\HK1-2025\WEB\Week4\Ch05ex2\conf\logging.properties
25-Sep-2024 22:55:57.769 INFO [main] org.apache.catalina.startup.VersionLoggerListener.log Command line argument: -Djava.util.logging.manager=org.apache.juli.ClassLoaderLogManager
25-Sep-2024 22:55:57.769 INFO [main] org.apache.catalina.startup.VersionLoggerListener.log Command line argument: -javaagent:E:\Program\Intellij\IntelliJ IDEA 2024.2.1\lib\idea_rt.jar=53381:E:\Program\Intellij\IntelliJ IDEA 2024.2.1\bin
25-Sep-2024 22:55:57.769 INFO [main] org.apache.catalina.startup.VersionLoggerListener.log Command line argument: -Dfile.encoding=UTF-8
25-Sep-2024 22:55:57.769 INFO [main] org.apache.catalina.startup.VersionLoggerListener.log Command line argument: -Dsun.stdout.encoding=UTF-8
25-Sep-2024 22:55:57.769 INFO [main] org.apache.catalina.startup.VersionLoggerListener.log Command line argument: -Dsun.stderr.encoding=UTF-8
25-Sep-2024 22:55:57.795 INFO [main] org.apache.catalina.core.AprLifecycleListener.lifecycleEvent Loaded Apache Tomcat Native library [2.0.7] using APR version [1.7.4].
25-Sep-2024 22:55:57.810 INFO [main] org.apache.catalina.core.AprLifecycleListener.initializeSSL OpenSSL successfully initialized [OpenSSL 3.0.13 30 Jan 2024]
25-Sep-2024 22:55:58.055 INFO [main] org.apache.coyote.AbstractProtocol.init Initializing ProtocolHandler ["http-nio-8080"]
25-Sep-2024 22:55:58.069 INFO [main] org.apache.catalina.startup.Catalina.load Server initialization in [484] milliseconds
25-Sep-2024 22:55:58.110 INFO [main] org.apache.catalina.core.StandardService.startInternal Starting service [Catalina]
25-Sep-2024 22:55:58.110 INFO [main] org.apache.catalina.core.StandardEngine.startInternal Starting Servlet engine: [Apache Tomcat/10.1.26]
25-Sep-2024 22:55:58.120 INFO [main] org.apache.catalina.startup.HostConfig.deployDescriptor Deploying deployment descriptor [D:\UTE_Huhu\HK1-2025\WEB\Week4\Ch05ex2\conf\Catalina\localhost\Ch05ex2.xml]
25-Sep-2024 22:55:58.402 INFO [main] org.apache.jasper.servlet.TldScanner.scanJars At least one JAR was scanned for TLDs yet contained no TLDs. Enable debug logging for this logger for a complete list of JARs that were scanned but no TLDs were found in them. Skipping unneeded JARs during scanning can improve startup time and JSP compilation time.
25-Sep-2024 22:55:58.451 INFO [main] org.apache.catalina.startup.HostConfig.deployDescriptor Deployment of deployment descriptor [D:\UTE_Huhu\HK1-2025\WEB\Week4\Ch05ex2\conf\Catalina\localhost\Ch05ex2.xml] has finished in [330] ms
25-Sep-2024 22:55:58.454 INFO [main] org.apache.coyote.AbstractProtocol.start Starting ProtocolHandler ["http-nio-8080"]
25-Sep-2024 22:55:58.475 INFO [main] org.apache.catalina.startup.Catalina.start Server startup in [404] milliseconds
25-Sep-2024 22:56:26.811 INFO [Thread-1] org.apache.coyote.AbstractProtocol.pause Pausing ProtocolHandler ["http-nio-8080"]
25-Sep-2024 22:56:26.816 INFO [Thread-1] org.apache.catalina.core.StandardService.stopInternal Stopping service [Catalina]
25-Sep-2024 22:56:26.830 INFO [Thread-1] org.apache.coyote.AbstractProtocol.stop Stopping ProtocolHandler ["http-nio-8080"]
25-Sep-2024 22:56:26.854 INFO [Thread-1] org.apache.coyote.AbstractProtocol.destroy Destroying ProtocolHandler ["http-nio-8080"]
25-Sep-2024 22:56:30.563 INFO [main] org.apache.catalina.startup.VersionLoggerListener.log Server version name:   Apache Tomcat/10.1.26
25-Sep-2024 22:56:30.566 INFO [main] org.apache.catalina.startup.VersionLoggerListener.log Server built:          Jul 7 2024 21:02:13 UTC
25-Sep-2024 22:56:30.566 INFO [main] org.apache.catalina.startup.VersionLoggerListener.log Server version number: 10.1.26.0
25-Sep-2024 22:56:30.566 INFO [main] org.apache.catalina.startup.VersionLoggerListener.log OS Name:               Windows 11
25-Sep-2024 22:56:30.566 INFO [main] org.apache.catalina.startup.VersionLoggerListener.log OS Version:            10.0
25-Sep-2024 22:56:30.567 INFO [main] org.apache.catalina.startup.VersionLoggerListener.log Architecture:          amd64
25-Sep-2024 22:56:30.567 INFO [main] org.apache.catalina.startup.VersionLoggerListener.log Java Home:             C:\Users\AN CUTE\.jdks\openjdk-22.0.2
25-Sep-2024 22:56:30.567 INFO [main] org.apache.catalina.startup.VersionLoggerListener.log JVM Version:           22.0.2+9-70
25-Sep-2024 22:56:30.567 INFO [main] org.apache.catalina.startup.VersionLoggerListener.log JVM Vendor:            Oracle Corporation
25-Sep-2024 22:56:30.567 INFO [main] org.apache.catalina.startup.VersionLoggerListener.log CATALINA_BASE:         D:\UTE_Huhu\HK1-2025\WEB\Week4\Ch05ex2
25-Sep-2024 22:56:30.567 INFO [main] org.apache.catalina.startup.VersionLoggerListener.log CATALINA_HOME:         D:\UTE_Huhu\HK1-2025\WEB\TomCat\apache-tomcat-10.1.26
25-Sep-2024 22:56:30.577 INFO [main] org.apache.catalina.startup.VersionLoggerListener.log Command line argument: --add-opens=java.base/java.lang=ALL-UNNAMED
25-Sep-2024 22:56:30.577 INFO [main] org.apache.catalina.startup.VersionLoggerListener.log Command line argument: --add-opens=java.base/java.io=ALL-UNNAMED
25-Sep-2024 22:56:30.577 INFO [main] org.apache.catalina.startup.VersionLoggerListener.log Command line argument: --add-opens=java.base/java.util=ALL-UNNAMED
25-Sep-2024 22:56:30.577 INFO [main] org.apache.catalina.startup.VersionLoggerListener.log Command line argument: --add-opens=java.base/java.util.concurrent=ALL-UNNAMED
25-Sep-2024 22:56:30.577 INFO [main] org.apache.catalina.startup.VersionLoggerListener.log Command line argument: --add-opens=java.rmi/sun.rmi.transport=ALL-UNNAMED
25-Sep-2024 22:56:30.577 INFO [main] org.apache.catalina.startup.VersionLoggerListener.log Command line argument: -Dcatalina.home=D:\UTE_Huhu\HK1-2025\WEB\TomCat\apache-tomcat-10.1.26
25-Sep-2024 22:56:30.577 INFO [main] org.apache.catalina.startup.VersionLoggerListener.log Command line argument: -Dcatalina.base=D:\UTE_Huhu\HK1-2025\WEB\Week4\Ch05ex2
25-Sep-2024 22:56:30.577 INFO [main] org.apache.catalina.startup.VersionLoggerListener.log Command line argument: -Djava.io.tmpdir=D:\UTE_Huhu\HK1-2025\WEB\Week4\Ch05ex2\temp
25-Sep-2024 22:56:30.577 INFO [main] org.apache.catalina.startup.VersionLoggerListener.log Command line argument: -Djava.util.logging.config.file=D:\UTE_Huhu\HK1-2025\WEB\Week4\Ch05ex2\conf\logging.properties
25-Sep-2024 22:56:30.578 INFO [main] org.apache.catalina.startup.VersionLoggerListener.log Command line argument: -Djava.util.logging.manager=org.apache.juli.ClassLoaderLogManager
25-Sep-2024 22:56:30.578 INFO [main] org.apache.catalina.startup.VersionLoggerListener.log Command line argument: -javaagent:E:\Program\Intellij\IntelliJ IDEA 2024.2.1\lib\idea_rt.jar=53400:E:\Program\Intellij\IntelliJ IDEA 2024.2.1\bin
25-Sep-2024 22:56:30.578 INFO [main] org.apache.catalina.startup.VersionLoggerListener.log Command line argument: -Dfile.encoding=UTF-8
25-Sep-2024 22:56:30.578 INFO [main] org.apache.catalina.startup.VersionLoggerListener.log Command line argument: -Dsun.stdout.encoding=UTF-8
25-Sep-2024 22:56:30.578 INFO [main] org.apache.catalina.startup.VersionLoggerListener.log Command line argument: -Dsun.stderr.encoding=UTF-8
25-Sep-2024 22:56:30.581 INFO [main] org.apache.catalina.core.AprLifecycleListener.lifecycleEvent Loaded Apache Tomcat Native library [2.0.7] using APR version [1.7.4].
25-Sep-2024 22:56:30.586 INFO [main] org.apache.catalina.core.AprLifecycleListener.initializeSSL OpenSSL successfully initialized [OpenSSL 3.0.13 30 Jan 2024]
25-Sep-2024 22:56:30.886 INFO [main] org.apache.coyote.AbstractProtocol.init Initializing ProtocolHandler ["http-nio-8080"]
25-Sep-2024 22:56:30.902 INFO [main] org.apache.catalina.startup.Catalina.load Server initialization in [502] milliseconds
25-Sep-2024 22:56:30.949 INFO [main] org.apache.catalina.core.StandardService.startInternal Starting service [Catalina]
25-Sep-2024 22:56:30.949 INFO [main] org.apache.catalina.core.StandardEngine.startInternal Starting Servlet engine: [Apache Tomcat/10.1.26]
25-Sep-2024 22:56:30.957 INFO [main] org.apache.catalina.startup.HostConfig.deployDescriptor Deploying deployment descriptor [D:\UTE_Huhu\HK1-2025\WEB\Week4\Ch05ex2\conf\Catalina\localhost\Ch05ex2.xml]
25-Sep-2024 22:56:31.255 INFO [main] org.apache.jasper.servlet.TldScanner.scanJars At least one JAR was scanned for TLDs yet contained no TLDs. Enable debug logging for this logger for a complete list of JARs that were scanned but no TLDs were found in them. Skipping unneeded JARs during scanning can improve startup time and JSP compilation time.
25-Sep-2024 22:56:31.300 INFO [main] org.apache.catalina.startup.HostConfig.deployDescriptor Deployment of deployment descriptor [D:\UTE_Huhu\HK1-2025\WEB\Week4\Ch05ex2\conf\Catalina\localhost\Ch05ex2.xml] has finished in [342] ms
25-Sep-2024 22:56:31.302 INFO [main] org.apache.coyote.AbstractProtocol.start Starting ProtocolHandler ["http-nio-8080"]
25-Sep-2024 22:56:31.325 INFO [main] org.apache.catalina.startup.Catalina.start Server startup in [421] milliseconds
25-Sep-2024 22:58:23.946 INFO [Thread-1] org.apache.coyote.AbstractProtocol.pause Pausing ProtocolHandler ["http-nio-8080"]
25-Sep-2024 22:58:23.951 INFO [Thread-1] org.apache.catalina.core.StandardService.stopInternal Stopping service [Catalina]
25-Sep-2024 22:58:23.960 INFO [Thread-1] org.apache.coyote.AbstractProtocol.stop Stopping ProtocolHandler ["http-nio-8080"]
25-Sep-2024 22:58:23.964 INFO [Thread-1] org.apache.coyote.AbstractProtocol.destroy Destroying ProtocolHandler ["http-nio-8080"]
25-Sep-2024 22:58:25.485 INFO [main] org.apache.catalina.startup.VersionLoggerListener.log Server version name:   Apache Tomcat/10.1.26
25-Sep-2024 22:58:25.489 INFO [main] org.apache.catalina.startup.VersionLoggerListener.log Server built:          Jul 7 2024 21:02:13 UTC
25-Sep-2024 22:58:25.489 INFO [main] org.apache.catalina.startup.VersionLoggerListener.log Server version number: 10.1.26.0
25-Sep-2024 22:58:25.489 INFO [main] org.apache.catalina.startup.VersionLoggerListener.log OS Name:               Windows 11
25-Sep-2024 22:58:25.489 INFO [main] org.apache.catalina.startup.VersionLoggerListener.log OS Version:            10.0
25-Sep-2024 22:58:25.490 INFO [main] org.apache.catalina.startup.VersionLoggerListener.log Architecture:          amd64
25-Sep-2024 22:58:25.490 INFO [main] org.apache.catalina.startup.VersionLoggerListener.log Java Home:             C:\Users\AN CUTE\.jdks\openjdk-22.0.2
25-Sep-2024 22:58:25.490 INFO [main] org.apache.catalina.startup.VersionLoggerListener.log JVM Version:           22.0.2+9-70
25-Sep-2024 22:58:25.490 INFO [main] org.apache.catalina.startup.VersionLoggerListener.log JVM Vendor:            Oracle Corporation
25-Sep-2024 22:58:25.491 INFO [main] org.apache.catalina.startup.VersionLoggerListener.log CATALINA_BASE:         D:\UTE_Huhu\HK1-2025\WEB\Week4\Ch05ex2
25-Sep-2024 22:58:25.491 INFO [main] org.apache.catalina.startup.VersionLoggerListener.log CATALINA_HOME:         D:\UTE_Huhu\HK1-2025\WEB\TomCat\apache-tomcat-10.1.26
25-Sep-2024 22:58:25.500 INFO [main] org.apache.catalina.startup.VersionLoggerListener.log Command line argument: --add-opens=java.base/java.lang=ALL-UNNAMED
25-Sep-2024 22:58:25.500 INFO [main] org.apache.catalina.startup.VersionLoggerListener.log Command line argument: --add-opens=java.base/java.io=ALL-UNNAMED
25-Sep-2024 22:58:25.500 INFO [main] org.apache.catalina.startup.VersionLoggerListener.log Command line argument: --add-opens=java.base/java.util=ALL-UNNAMED
25-Sep-2024 22:58:25.500 INFO [main] org.apache.catalina.startup.VersionLoggerListener.log Command line argument: --add-opens=java.base/java.util.concurrent=ALL-UNNAMED
25-Sep-2024 22:58:25.500 INFO [main] org.apache.catalina.startup.VersionLoggerListener.log Command line argument: --add-opens=java.rmi/sun.rmi.transport=ALL-UNNAMED
25-Sep-2024 22:58:25.500 INFO [main] org.apache.catalina.startup.VersionLoggerListener.log Command line argument: -Dcatalina.home=D:\UTE_Huhu\HK1-2025\WEB\TomCat\apache-tomcat-10.1.26
25-Sep-2024 22:58:25.500 INFO [main] org.apache.catalina.startup.VersionLoggerListener.log Command line argument: -Dcatalina.base=D:\UTE_Huhu\HK1-2025\WEB\Week4\Ch05ex2
25-Sep-2024 22:58:25.500 INFO [main] org.apache.catalina.startup.VersionLoggerListener.log Command line argument: -Djava.io.tmpdir=D:\UTE_Huhu\HK1-2025\WEB\Week4\Ch05ex2\temp
25-Sep-2024 22:58:25.501 INFO [main] org.apache.catalina.startup.VersionLoggerListener.log Command line argument: -Djava.util.logging.config.file=D:\UTE_Huhu\HK1-2025\WEB\Week4\Ch05ex2\conf\logging.properties
25-Sep-2024 22:58:25.501 INFO [main] org.apache.catalina.startup.VersionLoggerListener.log Command line argument: -Djava.util.logging.manager=org.apache.juli.ClassLoaderLogManager
25-Sep-2024 22:58:25.501 INFO [main] org.apache.catalina.startup.VersionLoggerListener.log Command line argument: -javaagent:E:\Program\Intellij\IntelliJ IDEA 2024.2.1\lib\idea_rt.jar=53427:E:\Program\Intellij\IntelliJ IDEA 2024.2.1\bin
25-Sep-2024 22:58:25.501 INFO [main] org.apache.catalina.startup.VersionLoggerListener.log Command line argument: -Dfile.encoding=UTF-8
25-Sep-2024 22:58:25.501 INFO [main] org.apache.catalina.startup.VersionLoggerListener.log Command line argument: -Dsun.stdout.encoding=UTF-8
25-Sep-2024 22:58:25.501 INFO [main] org.apache.catalina.startup.VersionLoggerListener.log Command line argument: -Dsun.stderr.encoding=UTF-8
25-Sep-2024 22:58:25.503 INFO [main] org.apache.catalina.core.AprLifecycleListener.lifecycleEvent Loaded Apache Tomcat Native library [2.0.7] using APR version [1.7.4].
25-Sep-2024 22:58:25.509 INFO [main] org.apache.catalina.core.AprLifecycleListener.initializeSSL OpenSSL successfully initialized [OpenSSL 3.0.13 30 Jan 2024]
25-Sep-2024 22:58:25.772 INFO [main] org.apache.coyote.AbstractProtocol.init Initializing ProtocolHandler ["http-nio-8080"]
25-Sep-2024 22:58:25.790 INFO [main] org.apache.catalina.startup.Catalina.load Server initialization in [479] milliseconds
25-Sep-2024 22:58:25.840 INFO [main] org.apache.catalina.core.StandardService.startInternal Starting service [Catalina]
25-Sep-2024 22:58:25.840 INFO [main] org.apache.catalina.core.StandardEngine.startInternal Starting Servlet engine: [Apache Tomcat/10.1.26]
25-Sep-2024 22:58:25.849 INFO [main] org.apache.catalina.startup.HostConfig.deployDescriptor Deploying deployment descriptor [D:\UTE_Huhu\HK1-2025\WEB\Week4\Ch05ex2\conf\Catalina\localhost\Ch05ex2.xml]
25-Sep-2024 22:58:26.129 INFO [main] org.apache.jasper.servlet.TldScanner.scanJars At least one JAR was scanned for TLDs yet contained no TLDs. Enable debug logging for this logger for a complete list of JARs that were scanned but no TLDs were found in them. Skipping unneeded JARs during scanning can improve startup time and JSP compilation time.
25-Sep-2024 22:58:26.173 INFO [main] org.apache.catalina.startup.HostConfig.deployDescriptor Deployment of deployment descriptor [D:\UTE_Huhu\HK1-2025\WEB\Week4\Ch05ex2\conf\Catalina\localhost\Ch05ex2.xml] has finished in [325] ms
25-Sep-2024 22:58:26.177 INFO [main] org.apache.coyote.AbstractProtocol.start Starting ProtocolHandler ["http-nio-8080"]
25-Sep-2024 22:58:26.198 INFO [main] org.apache.catalina.startup.Catalina.start Server startup in [406] milliseconds
25-Sep-2024 23:00:53.115 INFO [Thread-1] org.apache.coyote.AbstractProtocol.pause Pausing ProtocolHandler ["http-nio-8080"]
25-Sep-2024 23:00:53.120 INFO [Thread-1] org.apache.catalina.core.StandardService.stopInternal Stopping service [Catalina]
25-Sep-2024 23:00:53.131 INFO [Thread-1] org.apache.coyote.AbstractProtocol.stop Stopping ProtocolHandler ["http-nio-8080"]
25-Sep-2024 23:00:53.136 INFO [Thread-1] org.apache.coyote.AbstractProtocol.destroy Destroying ProtocolHandler ["http-nio-8080"]
25-Sep-2024 23:00:54.653 INFO [main] org.apache.catalina.startup.VersionLoggerListener.log Server version name:   Apache Tomcat/10.1.26
25-Sep-2024 23:00:54.656 INFO [main] org.apache.catalina.startup.VersionLoggerListener.log Server built:          Jul 7 2024 21:02:13 UTC
25-Sep-2024 23:00:54.657 INFO [main] org.apache.catalina.startup.VersionLoggerListener.log Server version number: 10.1.26.0
25-Sep-2024 23:00:54.657 INFO [main] org.apache.catalina.startup.VersionLoggerListener.log OS Name:               Windows 11
25-Sep-2024 23:00:54.657 INFO [main] org.apache.catalina.startup.VersionLoggerListener.log OS Version:            10.0
25-Sep-2024 23:00:54.657 INFO [main] org.apache.catalina.startup.VersionLoggerListener.log Architecture:          amd64
25-Sep-2024 23:00:54.657 INFO [main] org.apache.catalina.startup.VersionLoggerListener.log Java Home:             C:\Users\AN CUTE\.jdks\openjdk-22.0.2
25-Sep-2024 23:00:54.657 INFO [main] org.apache.catalina.startup.VersionLoggerListener.log JVM Version:           22.0.2+9-70
25-Sep-2024 23:00:54.657 INFO [main] org.apache.catalina.startup.VersionLoggerListener.log JVM Vendor:            Oracle Corporation
25-Sep-2024 23:00:54.657 INFO [main] org.apache.catalina.startup.VersionLoggerListener.log CATALINA_BASE:         D:\UTE_Huhu\HK1-2025\WEB\Week4\Ch05ex2
25-Sep-2024 23:00:54.658 INFO [main] org.apache.catalina.startup.VersionLoggerListener.log CATALINA_HOME:         D:\UTE_Huhu\HK1-2025\WEB\TomCat\apache-tomcat-10.1.26
25-Sep-2024 23:00:54.667 INFO [main] org.apache.catalina.startup.VersionLoggerListener.log Command line argument: --add-opens=java.base/java.lang=ALL-UNNAMED
25-Sep-2024 23:00:54.667 INFO [main] org.apache.catalina.startup.VersionLoggerListener.log Command line argument: --add-opens=java.base/java.io=ALL-UNNAMED
25-Sep-2024 23:00:54.667 INFO [main] org.apache.catalina.startup.VersionLoggerListener.log Command line argument: --add-opens=java.base/java.util=ALL-UNNAMED
25-Sep-2024 23:00:54.667 INFO [main] org.apache.catalina.startup.VersionLoggerListener.log Command line argument: --add-opens=java.base/java.util.concurrent=ALL-UNNAMED
25-Sep-2024 23:00:54.667 INFO [main] org.apache.catalina.startup.VersionLoggerListener.log Command line argument: --add-opens=java.rmi/sun.rmi.transport=ALL-UNNAMED
25-Sep-2024 23:00:54.668 INFO [main] org.apache.catalina.startup.VersionLoggerListener.log Command line argument: -Dcatalina.home=D:\UTE_Huhu\HK1-2025\WEB\TomCat\apache-tomcat-10.1.26
25-Sep-2024 23:00:54.668 INFO [main] org.apache.catalina.startup.VersionLoggerListener.log Command line argument: -Dcatalina.base=D:\UTE_Huhu\HK1-2025\WEB\Week4\Ch05ex2
25-Sep-2024 23:00:54.668 INFO [main] org.apache.catalina.startup.VersionLoggerListener.log Command line argument: -Djava.io.tmpdir=D:\UTE_Huhu\HK1-2025\WEB\Week4\Ch05ex2\temp
25-Sep-2024 23:00:54.668 INFO [main] org.apache.catalina.startup.VersionLoggerListener.log Command line argument: -Djava.util.logging.config.file=D:\UTE_Huhu\HK1-2025\WEB\Week4\Ch05ex2\conf\logging.properties
25-Sep-2024 23:00:54.668 INFO [main] org.apache.catalina.startup.VersionLoggerListener.log Command line argument: -Djava.util.logging.manager=org.apache.juli.ClassLoaderLogManager
25-Sep-2024 23:00:54.668 INFO [main] org.apache.catalina.startup.VersionLoggerListener.log Command line argument: -javaagent:E:\Program\Intellij\IntelliJ IDEA 2024.2.1\lib\idea_rt.jar=53457:E:\Program\Intellij\IntelliJ IDEA 2024.2.1\bin
25-Sep-2024 23:00:54.668 INFO [main] org.apache.catalina.startup.VersionLoggerListener.log Command line argument: -Dfile.encoding=UTF-8
25-Sep-2024 23:00:54.668 INFO [main] org.apache.catalina.startup.VersionLoggerListener.log Command line argument: -Dsun.stdout.encoding=UTF-8
25-Sep-2024 23:00:54.668 INFO [main] org.apache.catalina.startup.VersionLoggerListener.log Command line argument: -Dsun.stderr.encoding=UTF-8
25-Sep-2024 23:00:54.670 INFO [main] org.apache.catalina.core.AprLifecycleListener.lifecycleEvent Loaded Apache Tomcat Native library [2.0.7] using APR version [1.7.4].
25-Sep-2024 23:00:54.675 INFO [main] org.apache.catalina.core.AprLifecycleListener.initializeSSL OpenSSL successfully initialized [OpenSSL 3.0.13 30 Jan 2024]
25-Sep-2024 23:00:54.927 INFO [main] org.apache.coyote.AbstractProtocol.init Initializing ProtocolHandler ["http-nio-8080"]
25-Sep-2024 23:00:54.943 INFO [main] org.apache.catalina.startup.Catalina.load Server initialization in [469] milliseconds
25-Sep-2024 23:00:54.991 INFO [main] org.apache.catalina.core.StandardService.startInternal Starting service [Catalina]
25-Sep-2024 23:00:54.991 INFO [main] org.apache.catalina.core.StandardEngine.startInternal Starting Servlet engine: [Apache Tomcat/10.1.26]
25-Sep-2024 23:00:55.001 INFO [main] org.apache.catalina.startup.HostConfig.deployDescriptor Deploying deployment descriptor [D:\UTE_Huhu\HK1-2025\WEB\Week4\Ch05ex2\conf\Catalina\localhost\Ch05ex2.xml]
25-Sep-2024 23:00:55.262 INFO [main] org.apache.jasper.servlet.TldScanner.scanJars At least one JAR was scanned for TLDs yet contained no TLDs. Enable debug logging for this logger for a complete list of JARs that were scanned but no TLDs were found in them. Skipping unneeded JARs during scanning can improve startup time and JSP compilation time.
25-Sep-2024 23:00:55.304 INFO [main] org.apache.catalina.startup.HostConfig.deployDescriptor Deployment of deployment descriptor [D:\UTE_Huhu\HK1-2025\WEB\Week4\Ch05ex2\conf\Catalina\localhost\Ch05ex2.xml] has finished in [303] ms
25-Sep-2024 23:00:55.307 INFO [main] org.apache.coyote.AbstractProtocol.start Starting ProtocolHandler ["http-nio-8080"]
25-Sep-2024 23:00:55.326 INFO [main] org.apache.catalina.startup.Catalina.start Server startup in [382] milliseconds
25-Sep-2024 23:01:17.222 INFO [Thread-1] org.apache.coyote.AbstractProtocol.pause Pausing ProtocolHandler ["http-nio-8080"]
25-Sep-2024 23:01:17.226 INFO [Thread-1] org.apache.catalina.core.StandardService.stopInternal Stopping service [Catalina]
25-Sep-2024 23:01:17.233 INFO [Thread-1] org.apache.coyote.AbstractProtocol.stop Stopping ProtocolHandler ["http-nio-8080"]
25-Sep-2024 23:01:17.240 INFO [Thread-1] org.apache.coyote.AbstractProtocol.destroy Destroying ProtocolHandler ["http-nio-8080"]
25-Sep-2024 23:03:30.011 INFO [main] org.apache.catalina.startup.VersionLoggerListener.log Server version name:   Apache Tomcat/10.1.26
25-Sep-2024 23:03:30.016 INFO [main] org.apache.catalina.startup.VersionLoggerListener.log Server built:          Jul 7 2024 21:02:13 UTC
25-Sep-2024 23:03:30.017 INFO [main] org.apache.catalina.startup.VersionLoggerListener.log Server version number: 10.1.26.0
25-Sep-2024 23:03:30.017 INFO [main] org.apache.catalina.startup.VersionLoggerListener.log OS Name:               Windows 11
25-Sep-2024 23:03:30.017 INFO [main] org.apache.catalina.startup.VersionLoggerListener.log OS Version:            10.0
25-Sep-2024 23:03:30.017 INFO [main] org.apache.catalina.startup.VersionLoggerListener.log Architecture:          amd64
25-Sep-2024 23:03:30.017 INFO [main] org.apache.catalina.startup.VersionLoggerListener.log Java Home:             C:\Users\AN CUTE\.jdks\openjdk-22.0.2
25-Sep-2024 23:03:30.017 INFO [main] org.apache.catalina.startup.VersionLoggerListener.log JVM Version:           22.0.2+9-70
25-Sep-2024 23:03:30.017 INFO [main] org.apache.catalina.startup.VersionLoggerListener.log JVM Vendor:            Oracle Corporation
25-Sep-2024 23:03:30.017 INFO [main] org.apache.catalina.startup.VersionLoggerListener.log CATALINA_BASE:         D:\UTE_Huhu\HK1-2025\WEB\Week4\Ch05ex2
25-Sep-2024 23:03:30.018 INFO [main] org.apache.catalina.startup.VersionLoggerListener.log CATALINA_HOME:         D:\UTE_Huhu\HK1-2025\WEB\TomCat\apache-tomcat-10.1.26
25-Sep-2024 23:03:30.027 INFO [main] org.apache.catalina.startup.VersionLoggerListener.log Command line argument: --add-opens=java.base/java.lang=ALL-UNNAMED
25-Sep-2024 23:03:30.027 INFO [main] org.apache.catalina.startup.VersionLoggerListener.log Command line argument: --add-opens=java.base/java.io=ALL-UNNAMED
25-Sep-2024 23:03:30.027 INFO [main] org.apache.catalina.startup.VersionLoggerListener.log Command line argument: --add-opens=java.base/java.util=ALL-UNNAMED
25-Sep-2024 23:03:30.027 INFO [main] org.apache.catalina.startup.VersionLoggerListener.log Command line argument: --add-opens=java.base/java.util.concurrent=ALL-UNNAMED
25-Sep-2024 23:03:30.027 INFO [main] org.apache.catalina.startup.VersionLoggerListener.log Command line argument: --add-opens=java.rmi/sun.rmi.transport=ALL-UNNAMED
25-Sep-2024 23:03:30.027 INFO [main] org.apache.catalina.startup.VersionLoggerListener.log Command line argument: -Dcatalina.home=D:\UTE_Huhu\HK1-2025\WEB\TomCat\apache-tomcat-10.1.26
25-Sep-2024 23:03:30.027 INFO [main] org.apache.catalina.startup.VersionLoggerListener.log Command line argument: -Dcatalina.base=D:\UTE_Huhu\HK1-2025\WEB\Week4\Ch05ex2
25-Sep-2024 23:03:30.027 INFO [main] org.apache.catalina.startup.VersionLoggerListener.log Command line argument: -Djava.io.tmpdir=D:\UTE_Huhu\HK1-2025\WEB\Week4\Ch05ex2\temp
25-Sep-2024 23:03:30.027 INFO [main] org.apache.catalina.startup.VersionLoggerListener.log Command line argument: -Djava.util.logging.config.file=D:\UTE_Huhu\HK1-2025\WEB\Week4\Ch05ex2\conf\logging.properties
25-Sep-2024 23:03:30.027 INFO [main] org.apache.catalina.startup.VersionLoggerListener.log Command line argument: -Djava.util.logging.manager=org.apache.juli.ClassLoaderLogManager
25-Sep-2024 23:03:30.027 INFO [main] org.apache.catalina.startup.VersionLoggerListener.log Command line argument: -javaagent:E:\Program\Intellij\IntelliJ IDEA 2024.2.1\lib\idea_rt.jar=53490:E:\Program\Intellij\IntelliJ IDEA 2024.2.1\bin
25-Sep-2024 23:03:30.027 INFO [main] org.apache.catalina.startup.VersionLoggerListener.log Command line argument: -Dfile.encoding=UTF-8
25-Sep-2024 23:03:30.028 INFO [main] org.apache.catalina.startup.VersionLoggerListener.log Command line argument: -Dsun.stdout.encoding=UTF-8
25-Sep-2024 23:03:30.028 INFO [main] org.apache.catalina.startup.VersionLoggerListener.log Command line argument: -Dsun.stderr.encoding=UTF-8
25-Sep-2024 23:03:30.030 INFO [main] org.apache.catalina.core.AprLifecycleListener.lifecycleEvent Loaded Apache Tomcat Native library [2.0.7] using APR version [1.7.4].
25-Sep-2024 23:03:30.035 INFO [main] org.apache.catalina.core.AprLifecycleListener.initializeSSL OpenSSL successfully initialized [OpenSSL 3.0.13 30 Jan 2024]
25-Sep-2024 23:03:30.294 INFO [main] org.apache.coyote.AbstractProtocol.init Initializing ProtocolHandler ["http-nio-8080"]
25-Sep-2024 23:03:30.309 INFO [main] org.apache.catalina.startup.Catalina.load Server initialization in [443] milliseconds
25-Sep-2024 23:03:30.355 INFO [main] org.apache.catalina.core.StandardService.startInternal Starting service [Catalina]
25-Sep-2024 23:03:30.355 INFO [main] org.apache.catalina.core.StandardEngine.startInternal Starting Servlet engine: [Apache Tomcat/10.1.26]
25-Sep-2024 23:03:30.363 INFO [main] org.apache.catalina.startup.HostConfig.deployDescriptor Deploying deployment descriptor [D:\UTE_Huhu\HK1-2025\WEB\Week4\Ch05ex2\conf\Catalina\localhost\Ch05ex2.xml]
25-Sep-2024 23:03:30.628 INFO [main] org.apache.jasper.servlet.TldScanner.scanJars At least one JAR was scanned for TLDs yet contained no TLDs. Enable debug logging for this logger for a complete list of JARs that were scanned but no TLDs were found in them. Skipping unneeded JARs during scanning can improve startup time and JSP compilation time.
25-Sep-2024 23:03:30.672 INFO [main] org.apache.catalina.startup.HostConfig.deployDescriptor Deployment of deployment descriptor [D:\UTE_Huhu\HK1-2025\WEB\Week4\Ch05ex2\conf\Catalina\localhost\Ch05ex2.xml] has finished in [309] ms
25-Sep-2024 23:03:30.675 INFO [main] org.apache.coyote.AbstractProtocol.start Starting ProtocolHandler ["http-nio-8080"]
25-Sep-2024 23:03:30.694 INFO [main] org.apache.catalina.startup.Catalina.start Server startup in [384] milliseconds
25-Sep-2024 23:04:31.526 INFO [Thread-1] org.apache.coyote.AbstractProtocol.pause Pausing ProtocolHandler ["http-nio-8080"]
25-Sep-2024 23:04:31.531 INFO [Thread-1] org.apache.catalina.core.StandardService.stopInternal Stopping service [Catalina]
25-Sep-2024 23:04:31.540 INFO [Thread-1] org.apache.coyote.AbstractProtocol.stop Stopping ProtocolHandler ["http-nio-8080"]
25-Sep-2024 23:04:31.543 INFO [Thread-1] org.apache.coyote.AbstractProtocol.destroy Destroying ProtocolHandler ["http-nio-8080"]
25-Sep-2024 23:04:34.240 INFO [main] org.apache.catalina.startup.VersionLoggerListener.log Server version name:   Apache Tomcat/10.1.26
25-Sep-2024 23:04:34.243 INFO [main] org.apache.catalina.startup.VersionLoggerListener.log Server built:          Jul 7 2024 21:02:13 UTC
25-Sep-2024 23:04:34.244 INFO [main] org.apache.catalina.startup.VersionLoggerListener.log Server version number: 10.1.26.0
25-Sep-2024 23:04:34.244 INFO [main] org.apache.catalina.startup.VersionLoggerListener.log OS Name:               Windows 11
25-Sep-2024 23:04:34.244 INFO [main] org.apache.catalina.startup.VersionLoggerListener.log OS Version:            10.0
25-Sep-2024 23:04:34.244 INFO [main] org.apache.catalina.startup.VersionLoggerListener.log Architecture:          amd64
25-Sep-2024 23:04:34.244 INFO [main] org.apache.catalina.startup.VersionLoggerListener.log Java Home:             C:\Users\AN CUTE\.jdks\openjdk-22.0.2
25-Sep-2024 23:04:34.244 INFO [main] org.apache.catalina.startup.VersionLoggerListener.log JVM Version:           22.0.2+9-70
25-Sep-2024 23:04:34.244 INFO [main] org.apache.catalina.startup.VersionLoggerListener.log JVM Vendor:            Oracle Corporation
25-Sep-2024 23:04:34.245 INFO [main] org.apache.catalina.startup.VersionLoggerListener.log CATALINA_BASE:         D:\UTE_Huhu\HK1-2025\WEB\Week4\Ch05ex2
25-Sep-2024 23:04:34.245 INFO [main] org.apache.catalina.startup.VersionLoggerListener.log CATALINA_HOME:         D:\UTE_Huhu\HK1-2025\WEB\TomCat\apache-tomcat-10.1.26
25-Sep-2024 23:04:34.253 INFO [main] org.apache.catalina.startup.VersionLoggerListener.log Command line argument: --add-opens=java.base/java.lang=ALL-UNNAMED
25-Sep-2024 23:04:34.254 INFO [main] org.apache.catalina.startup.VersionLoggerListener.log Command line argument: --add-opens=java.base/java.io=ALL-UNNAMED
25-Sep-2024 23:04:34.254 INFO [main] org.apache.catalina.startup.VersionLoggerListener.log Command line argument: --add-opens=java.base/java.util=ALL-UNNAMED
25-Sep-2024 23:04:34.254 INFO [main] org.apache.catalina.startup.VersionLoggerListener.log Command line argument: --add-opens=java.base/java.util.concurrent=ALL-UNNAMED
25-Sep-2024 23:04:34.254 INFO [main] org.apache.catalina.startup.VersionLoggerListener.log Command line argument: --add-opens=java.rmi/sun.rmi.transport=ALL-UNNAMED
25-Sep-2024 23:04:34.254 INFO [main] org.apache.catalina.startup.VersionLoggerListener.log Command line argument: -Dcatalina.home=D:\UTE_Huhu\HK1-2025\WEB\TomCat\apache-tomcat-10.1.26
25-Sep-2024 23:04:34.254 INFO [main] org.apache.catalina.startup.VersionLoggerListener.log Command line argument: -Dcatalina.base=D:\UTE_Huhu\HK1-2025\WEB\Week4\Ch05ex2
25-Sep-2024 23:04:34.254 INFO [main] org.apache.catalina.startup.VersionLoggerListener.log Command line argument: -Djava.io.tmpdir=D:\UTE_Huhu\HK1-2025\WEB\Week4\Ch05ex2\temp
25-Sep-2024 23:04:34.254 INFO [main] org.apache.catalina.startup.VersionLoggerListener.log Command line argument: -Djava.util.logging.config.file=D:\UTE_Huhu\HK1-2025\WEB\Week4\Ch05ex2\conf\logging.properties
25-Sep-2024 23:04:34.254 INFO [main] org.apache.catalina.startup.VersionLoggerListener.log Command line argument: -Djava.util.logging.manager=org.apache.juli.ClassLoaderLogManager
25-Sep-2024 23:04:34.254 INFO [main] org.apache.catalina.startup.VersionLoggerListener.log Command line argument: -javaagent:E:\Program\Intellij\IntelliJ IDEA 2024.2.1\lib\idea_rt.jar=53514:E:\Program\Intellij\IntelliJ IDEA 2024.2.1\bin
25-Sep-2024 23:04:34.254 INFO [main] org.apache.catalina.startup.VersionLoggerListener.log Command line argument: -Dfile.encoding=UTF-8
25-Sep-2024 23:04:34.254 INFO [main] org.apache.catalina.startup.VersionLoggerListener.log Command line argument: -Dsun.stdout.encoding=UTF-8
25-Sep-2024 23:04:34.254 INFO [main] org.apache.catalina.startup.VersionLoggerListener.log Command line argument: -Dsun.stderr.encoding=UTF-8
25-Sep-2024 23:04:34.256 INFO [main] org.apache.catalina.core.AprLifecycleListener.lifecycleEvent Loaded Apache Tomcat Native library [2.0.7] using APR version [1.7.4].
25-Sep-2024 23:04:34.261 INFO [main] org.apache.catalina.core.AprLifecycleListener.initializeSSL OpenSSL successfully initialized [OpenSSL 3.0.13 30 Jan 2024]
25-Sep-2024 23:04:34.514 INFO [main] org.apache.coyote.AbstractProtocol.init Initializing ProtocolHandler ["http-nio-8080"]
25-Sep-2024 23:04:34.530 INFO [main] org.apache.catalina.startup.Catalina.load Server initialization in [445] milliseconds
25-Sep-2024 23:04:34.580 INFO [main] org.apache.catalina.core.StandardService.startInternal Starting service [Catalina]
25-Sep-2024 23:04:34.580 INFO [main] org.apache.catalina.core.StandardEngine.startInternal Starting Servlet engine: [Apache Tomcat/10.1.26]
25-Sep-2024 23:04:34.590 INFO [main] org.apache.catalina.startup.HostConfig.deployDescriptor Deploying deployment descriptor [D:\UTE_Huhu\HK1-2025\WEB\Week4\Ch05ex2\conf\Catalina\localhost\Ch05ex2.xml]
25-Sep-2024 23:04:34.861 INFO [main] org.apache.jasper.servlet.TldScanner.scanJars At least one JAR was scanned for TLDs yet contained no TLDs. Enable debug logging for this logger for a complete list of JARs that were scanned but no TLDs were found in them. Skipping unneeded JARs during scanning can improve startup time and JSP compilation time.
25-Sep-2024 23:04:34.904 INFO [main] org.apache.catalina.startup.HostConfig.deployDescriptor Deployment of deployment descriptor [D:\UTE_Huhu\HK1-2025\WEB\Week4\Ch05ex2\conf\Catalina\localhost\Ch05ex2.xml] has finished in [313] ms
25-Sep-2024 23:04:34.907 INFO [main] org.apache.coyote.AbstractProtocol.start Starting ProtocolHandler ["http-nio-8080"]
25-Sep-2024 23:04:34.927 INFO [main] org.apache.catalina.startup.Catalina.start Server startup in [395] milliseconds
25-Sep-2024 23:06:10.543 INFO [Thread-1] org.apache.coyote.AbstractProtocol.pause Pausing ProtocolHandler ["http-nio-8080"]
25-Sep-2024 23:06:10.547 INFO [Thread-1] org.apache.catalina.core.StandardService.stopInternal Stopping service [Catalina]
25-Sep-2024 23:06:10.558 INFO [Thread-1] org.apache.coyote.AbstractProtocol.stop Stopping ProtocolHandler ["http-nio-8080"]
25-Sep-2024 23:06:10.564 INFO [Thread-1] org.apache.coyote.AbstractProtocol.destroy Destroying ProtocolHandler ["http-nio-8080"]
25-Sep-2024 23:06:12.004 INFO [main] org.apache.catalina.startup.VersionLoggerListener.log Server version name:   Apache Tomcat/10.1.26
25-Sep-2024 23:06:12.009 INFO [main] org.apache.catalina.startup.VersionLoggerListener.log Server built:          Jul 7 2024 21:02:13 UTC
25-Sep-2024 23:06:12.009 INFO [main] org.apache.catalina.startup.VersionLoggerListener.log Server version number: 10.1.26.0
25-Sep-2024 23:06:12.009 INFO [main] org.apache.catalina.startup.VersionLoggerListener.log OS Name:               Windows 11
25-Sep-2024 23:06:12.009 INFO [main] org.apache.catalina.startup.VersionLoggerListener.log OS Version:            10.0
25-Sep-2024 23:06:12.010 INFO [main] org.apache.catalina.startup.VersionLoggerListener.log Architecture:          amd64
25-Sep-2024 23:06:12.010 INFO [main] org.apache.catalina.startup.VersionLoggerListener.log Java Home:             C:\Users\AN CUTE\.jdks\openjdk-22.0.2
25-Sep-2024 23:06:12.010 INFO [main] org.apache.catalina.startup.VersionLoggerListener.log JVM Version:           22.0.2+9-70
25-Sep-2024 23:06:12.010 INFO [main] org.apache.catalina.startup.VersionLoggerListener.log JVM Vendor:            Oracle Corporation
25-Sep-2024 23:06:12.010 INFO [main] org.apache.catalina.startup.VersionLoggerListener.log CATALINA_BASE:         D:\UTE_Huhu\HK1-2025\WEB\Week4\Ch05ex2
25-Sep-2024 23:06:12.010 INFO [main] org.apache.catalina.startup.VersionLoggerListener.log CATALINA_HOME:         D:\UTE_Huhu\HK1-2025\WEB\TomCat\apache-tomcat-10.1.26
25-Sep-2024 23:06:12.019 INFO [main] org.apache.catalina.startup.VersionLoggerListener.log Command line argument: --add-opens=java.base/java.lang=ALL-UNNAMED
25-Sep-2024 23:06:12.019 INFO [main] org.apache.catalina.startup.VersionLoggerListener.log Command line argument: --add-opens=java.base/java.io=ALL-UNNAMED
25-Sep-2024 23:06:12.019 INFO [main] org.apache.catalina.startup.VersionLoggerListener.log Command line argument: --add-opens=java.base/java.util=ALL-UNNAMED
25-Sep-2024 23:06:12.019 INFO [main] org.apache.catalina.startup.VersionLoggerListener.log Command line argument: --add-opens=java.base/java.util.concurrent=ALL-UNNAMED
25-Sep-2024 23:06:12.019 INFO [main] org.apache.catalina.startup.VersionLoggerListener.log Command line argument: --add-opens=java.rmi/sun.rmi.transport=ALL-UNNAMED
25-Sep-2024 23:06:12.019 INFO [main] org.apache.catalina.startup.VersionLoggerListener.log Command line argument: -Dcatalina.home=D:\UTE_Huhu\HK1-2025\WEB\TomCat\apache-tomcat-10.1.26
25-Sep-2024 23:06:12.019 INFO [main] org.apache.catalina.startup.VersionLoggerListener.log Command line argument: -Dcatalina.base=D:\UTE_Huhu\HK1-2025\WEB\Week4\Ch05ex2
25-Sep-2024 23:06:12.019 INFO [main] org.apache.catalina.startup.VersionLoggerListener.log Command line argument: -Djava.io.tmpdir=D:\UTE_Huhu\HK1-2025\WEB\Week4\Ch05ex2\temp
25-Sep-2024 23:06:12.019 INFO [main] org.apache.catalina.startup.VersionLoggerListener.log Command line argument: -Djava.util.logging.config.file=D:\UTE_Huhu\HK1-2025\WEB\Week4\Ch05ex2\conf\logging.properties
25-Sep-2024 23:06:12.019 INFO [main] org.apache.catalina.startup.VersionLoggerListener.log Command line argument: -Djava.util.logging.manager=org.apache.juli.ClassLoaderLogManager
25-Sep-2024 23:06:12.019 INFO [main] org.apache.catalina.startup.VersionLoggerListener.log Command line argument: -javaagent:E:\Program\Intellij\IntelliJ IDEA 2024.2.1\lib\idea_rt.jar=53531:E:\Program\Intellij\IntelliJ IDEA 2024.2.1\bin
25-Sep-2024 23:06:12.019 INFO [main] org.apache.catalina.startup.VersionLoggerListener.log Command line argument: -Dfile.encoding=UTF-8
25-Sep-2024 23:06:12.019 INFO [main] org.apache.catalina.startup.VersionLoggerListener.log Command line argument: -Dsun.stdout.encoding=UTF-8
25-Sep-2024 23:06:12.021 INFO [main] org.apache.catalina.startup.VersionLoggerListener.log Command line argument: -Dsun.stderr.encoding=UTF-8
25-Sep-2024 23:06:12.022 INFO [main] org.apache.catalina.core.AprLifecycleListener.lifecycleEvent Loaded Apache Tomcat Native library [2.0.7] using APR version [1.7.4].
25-Sep-2024 23:06:12.027 INFO [main] org.apache.catalina.core.AprLifecycleListener.initializeSSL OpenSSL successfully initialized [OpenSSL 3.0.13 30 Jan 2024]
25-Sep-2024 23:06:12.297 INFO [main] org.apache.coyote.AbstractProtocol.init Initializing ProtocolHandler ["http-nio-8080"]
25-Sep-2024 23:06:12.312 INFO [main] org.apache.catalina.startup.Catalina.load Server initialization in [491] milliseconds
25-Sep-2024 23:06:12.352 INFO [main] org.apache.catalina.core.StandardService.startInternal Starting service [Catalina]
25-Sep-2024 23:06:12.353 INFO [main] org.apache.catalina.core.StandardEngine.startInternal Starting Servlet engine: [Apache Tomcat/10.1.26]
25-Sep-2024 23:06:12.362 INFO [main] org.apache.catalina.startup.HostConfig.deployDescriptor Deploying deployment descriptor [D:\UTE_Huhu\HK1-2025\WEB\Week4\Ch05ex2\conf\Catalina\localhost\Ch05ex2.xml]
25-Sep-2024 23:06:12.640 INFO [main] org.apache.jasper.servlet.TldScanner.scanJars At least one JAR was scanned for TLDs yet contained no TLDs. Enable debug logging for this logger for a complete list of JARs that were scanned but no TLDs were found in them. Skipping unneeded JARs during scanning can improve startup time and JSP compilation time.
25-Sep-2024 23:06:12.683 INFO [main] org.apache.catalina.startup.HostConfig.deployDescriptor Deployment of deployment descriptor [D:\UTE_Huhu\HK1-2025\WEB\Week4\Ch05ex2\conf\Catalina\localhost\Ch05ex2.xml] has finished in [321] ms
25-Sep-2024 23:06:12.686 INFO [main] org.apache.coyote.AbstractProtocol.start Starting ProtocolHandler ["http-nio-8080"]
25-Sep-2024 23:06:12.706 INFO [main] org.apache.catalina.startup.Catalina.start Server startup in [392] milliseconds
25-Sep-2024 23:06:23.335 INFO [Thread-1] org.apache.coyote.AbstractProtocol.pause Pausing ProtocolHandler ["http-nio-8080"]
25-Sep-2024 23:06:23.340 INFO [Thread-1] org.apache.catalina.core.StandardService.stopInternal Stopping service [Catalina]
25-Sep-2024 23:06:23.348 INFO [Thread-1] org.apache.coyote.AbstractProtocol.stop Stopping ProtocolHandler ["http-nio-8080"]
25-Sep-2024 23:06:23.355 INFO [Thread-1] org.apache.coyote.AbstractProtocol.destroy Destroying ProtocolHandler ["http-nio-8080"]
25-Sep-2024 23:07:21.369 INFO [main] org.apache.catalina.startup.VersionLoggerListener.log Server version name:   Apache Tomcat/10.1.26
25-Sep-2024 23:07:21.374 INFO [main] org.apache.catalina.startup.VersionLoggerListener.log Server built:          Jul 7 2024 21:02:13 UTC
25-Sep-2024 23:07:21.375 INFO [main] org.apache.catalina.startup.VersionLoggerListener.log Server version number: 10.1.26.0
25-Sep-2024 23:07:21.375 INFO [main] org.apache.catalina.startup.VersionLoggerListener.log OS Name:               Windows 11
25-Sep-2024 23:07:21.375 INFO [main] org.apache.catalina.startup.VersionLoggerListener.log OS Version:            10.0
25-Sep-2024 23:07:21.375 INFO [main] org.apache.catalina.startup.VersionLoggerListener.log Architecture:          amd64
25-Sep-2024 23:07:21.375 INFO [main] org.apache.catalina.startup.VersionLoggerListener.log Java Home:             C:\Users\AN CUTE\.jdks\openjdk-22.0.2
25-Sep-2024 23:07:21.375 INFO [main] org.apache.catalina.startup.VersionLoggerListener.log JVM Version:           22.0.2+9-70
25-Sep-2024 23:07:21.375 INFO [main] org.apache.catalina.startup.VersionLoggerListener.log JVM Vendor:            Oracle Corporation
25-Sep-2024 23:07:21.375 INFO [main] org.apache.catalina.startup.VersionLoggerListener.log CATALINA_BASE:         D:\UTE_Huhu\HK1-2025\WEB\Week4\Ch05ex2
25-Sep-2024 23:07:21.375 INFO [main] org.apache.catalina.startup.VersionLoggerListener.log CATALINA_HOME:         D:\UTE_Huhu\HK1-2025\WEB\TomCat\apache-tomcat-10.1.26
25-Sep-2024 23:07:21.385 INFO [main] org.apache.catalina.startup.VersionLoggerListener.log Command line argument: --add-opens=java.base/java.lang=ALL-UNNAMED
25-Sep-2024 23:07:21.386 INFO [main] org.apache.catalina.startup.VersionLoggerListener.log Command line argument: --add-opens=java.base/java.io=ALL-UNNAMED
25-Sep-2024 23:07:21.386 INFO [main] org.apache.catalina.startup.VersionLoggerListener.log Command line argument: --add-opens=java.base/java.util=ALL-UNNAMED
25-Sep-2024 23:07:21.386 INFO [main] org.apache.catalina.startup.VersionLoggerListener.log Command line argument: --add-opens=java.base/java.util.concurrent=ALL-UNNAMED
25-Sep-2024 23:07:21.386 INFO [main] org.apache.catalina.startup.VersionLoggerListener.log Command line argument: --add-opens=java.rmi/sun.rmi.transport=ALL-UNNAMED
25-Sep-2024 23:07:21.386 INFO [main] org.apache.catalina.startup.VersionLoggerListener.log Command line argument: -Dcatalina.home=D:\UTE_Huhu\HK1-2025\WEB\TomCat\apache-tomcat-10.1.26
25-Sep-2024 23:07:21.386 INFO [main] org.apache.catalina.startup.VersionLoggerListener.log Command line argument: -Dcatalina.base=D:\UTE_Huhu\HK1-2025\WEB\Week4\Ch05ex2
25-Sep-2024 23:07:21.386 INFO [main] org.apache.catalina.startup.VersionLoggerListener.log Command line argument: -Djava.io.tmpdir=D:\UTE_Huhu\HK1-2025\WEB\Week4\Ch05ex2\temp
25-Sep-2024 23:07:21.386 INFO [main] org.apache.catalina.startup.VersionLoggerListener.log Command line argument: -Djava.util.logging.config.file=D:\UTE_Huhu\HK1-2025\WEB\Week4\Ch05ex2\conf\logging.properties
25-Sep-2024 23:07:21.386 INFO [main] org.apache.catalina.startup.VersionLoggerListener.log Command line argument: -Djava.util.logging.manager=org.apache.juli.ClassLoaderLogManager
25-Sep-2024 23:07:21.386 INFO [main] org.apache.catalina.startup.VersionLoggerListener.log Command line argument: -javaagent:E:\Program\Intellij\IntelliJ IDEA 2024.2.1\lib\idea_rt.jar=53598:E:\Program\Intellij\IntelliJ IDEA 2024.2.1\bin
25-Sep-2024 23:07:21.386 INFO [main] org.apache.catalina.startup.VersionLoggerListener.log Command line argument: -Dfile.encoding=UTF-8
25-Sep-2024 23:07:21.386 INFO [main] org.apache.catalina.startup.VersionLoggerListener.log Command line argument: -Dsun.stdout.encoding=UTF-8
25-Sep-2024 23:07:21.386 INFO [main] org.apache.catalina.startup.VersionLoggerListener.log Command line argument: -Dsun.stderr.encoding=UTF-8
25-Sep-2024 23:07:21.389 INFO [main] org.apache.catalina.core.AprLifecycleListener.lifecycleEvent Loaded Apache Tomcat Native library [2.0.7] using APR version [1.7.4].
25-Sep-2024 23:07:21.393 INFO [main] org.apache.catalina.core.AprLifecycleListener.initializeSSL OpenSSL successfully initialized [OpenSSL 3.0.13 30 Jan 2024]
25-Sep-2024 23:07:21.690 INFO [main] org.apache.coyote.AbstractProtocol.init Initializing ProtocolHandler ["http-nio-8080"]
25-Sep-2024 23:07:21.710 INFO [main] org.apache.catalina.startup.Catalina.load Server initialization in [498] milliseconds
25-Sep-2024 23:07:21.754 INFO [main] org.apache.catalina.core.StandardService.startInternal Starting service [Catalina]
25-Sep-2024 23:07:21.754 INFO [main] org.apache.catalina.core.StandardEngine.startInternal Starting Servlet engine: [Apache Tomcat/10.1.26]
25-Sep-2024 23:07:21.763 INFO [main] org.apache.catalina.startup.HostConfig.deployDescriptor Deploying deployment descriptor [D:\UTE_Huhu\HK1-2025\WEB\Week4\Ch05ex2\conf\Catalina\localhost\Ch05ex2.xml]
25-Sep-2024 23:07:22.049 INFO [main] org.apache.jasper.servlet.TldScanner.scanJars At least one JAR was scanned for TLDs yet contained no TLDs. Enable debug logging for this logger for a complete list of JARs that were scanned but no TLDs were found in them. Skipping unneeded JARs during scanning can improve startup time and JSP compilation time.
25-Sep-2024 23:07:22.097 INFO [main] org.apache.catalina.startup.HostConfig.deployDescriptor Deployment of deployment descriptor [D:\UTE_Huhu\HK1-2025\WEB\Week4\Ch05ex2\conf\Catalina\localhost\Ch05ex2.xml] has finished in [334] ms
25-Sep-2024 23:07:22.101 INFO [main] org.apache.coyote.AbstractProtocol.start Starting ProtocolHandler ["http-nio-8080"]
25-Sep-2024 23:07:22.120 INFO [main] org.apache.catalina.startup.Catalina.start Server startup in [409] milliseconds
25-Sep-2024 23:09:22.327 INFO [Thread-1] org.apache.coyote.AbstractProtocol.pause Pausing ProtocolHandler ["http-nio-8080"]
25-Sep-2024 23:09:22.330 INFO [Thread-1] org.apache.catalina.core.StandardService.stopInternal Stopping service [Catalina]
25-Sep-2024 23:09:22.338 INFO [Thread-1] org.apache.coyote.AbstractProtocol.stop Stopping ProtocolHandler ["http-nio-8080"]
25-Sep-2024 23:09:22.340 INFO [Thread-1] org.apache.coyote.AbstractProtocol.destroy Destroying ProtocolHandler ["http-nio-8080"]
25-Sep-2024 23:09:56.387 INFO [main] org.apache.catalina.startup.VersionLoggerListener.log Server version name:   Apache Tomcat/10.1.26
25-Sep-2024 23:09:56.391 INFO [main] org.apache.catalina.startup.VersionLoggerListener.log Server built:          Jul 7 2024 21:02:13 UTC
25-Sep-2024 23:09:56.391 INFO [main] org.apache.catalina.startup.VersionLoggerListener.log Server version number: 10.1.26.0
25-Sep-2024 23:09:56.391 INFO [main] org.apache.catalina.startup.VersionLoggerListener.log OS Name:               Windows 11
25-Sep-2024 23:09:56.391 INFO [main] org.apache.catalina.startup.VersionLoggerListener.log OS Version:            10.0
25-Sep-2024 23:09:56.391 INFO [main] org.apache.catalina.startup.VersionLoggerListener.log Architecture:          amd64
25-Sep-2024 23:09:56.391 INFO [main] org.apache.catalina.startup.VersionLoggerListener.log Java Home:             C:\Users\AN CUTE\.jdks\openjdk-22.0.2
25-Sep-2024 23:09:56.391 INFO [main] org.apache.catalina.startup.VersionLoggerListener.log JVM Version:           22.0.2+9-70
25-Sep-2024 23:09:56.392 INFO [main] org.apache.catalina.startup.VersionLoggerListener.log JVM Vendor:            Oracle Corporation
25-Sep-2024 23:09:56.392 INFO [main] org.apache.catalina.startup.VersionLoggerListener.log CATALINA_BASE:         D:\UTE_Huhu\HK1-2025\WEB\Week4\Ch05ex2
25-Sep-2024 23:09:56.392 INFO [main] org.apache.catalina.startup.VersionLoggerListener.log CATALINA_HOME:         D:\UTE_Huhu\HK1-2025\WEB\TomCat\apache-tomcat-10.1.26
25-Sep-2024 23:09:56.400 INFO [main] org.apache.catalina.startup.VersionLoggerListener.log Command line argument: --add-opens=java.base/java.lang=ALL-UNNAMED
25-Sep-2024 23:09:56.400 INFO [main] org.apache.catalina.startup.VersionLoggerListener.log Command line argument: --add-opens=java.base/java.io=ALL-UNNAMED
25-Sep-2024 23:09:56.400 INFO [main] org.apache.catalina.startup.VersionLoggerListener.log Command line argument: --add-opens=java.base/java.util=ALL-UNNAMED
25-Sep-2024 23:09:56.400 INFO [main] org.apache.catalina.startup.VersionLoggerListener.log Command line argument: --add-opens=java.base/java.util.concurrent=ALL-UNNAMED
25-Sep-2024 23:09:56.400 INFO [main] org.apache.catalina.startup.VersionLoggerListener.log Command line argument: --add-opens=java.rmi/sun.rmi.transport=ALL-UNNAMED
25-Sep-2024 23:09:56.400 INFO [main] org.apache.catalina.startup.VersionLoggerListener.log Command line argument: -Dcatalina.home=D:\UTE_Huhu\HK1-2025\WEB\TomCat\apache-tomcat-10.1.26
25-Sep-2024 23:09:56.400 INFO [main] org.apache.catalina.startup.VersionLoggerListener.log Command line argument: -Dcatalina.base=D:\UTE_Huhu\HK1-2025\WEB\Week4\Ch05ex2
25-Sep-2024 23:09:56.400 INFO [main] org.apache.catalina.startup.VersionLoggerListener.log Command line argument: -Djava.io.tmpdir=D:\UTE_Huhu\HK1-2025\WEB\Week4\Ch05ex2\temp
25-Sep-2024 23:09:56.400 INFO [main] org.apache.catalina.startup.VersionLoggerListener.log Command line argument: -Djava.util.logging.config.file=D:\UTE_Huhu\HK1-2025\WEB\Week4\Ch05ex2\conf\logging.properties
25-Sep-2024 23:09:56.400 INFO [main] org.apache.catalina.startup.VersionLoggerListener.log Command line argument: -Djava.util.logging.manager=org.apache.juli.ClassLoaderLogManager
25-Sep-2024 23:09:56.400 INFO [main] org.apache.catalina.startup.VersionLoggerListener.log Command line argument: -javaagent:E:\Program\Intellij\IntelliJ IDEA 2024.2.1\lib\idea_rt.jar=53638:E:\Program\Intellij\IntelliJ IDEA 2024.2.1\bin
25-Sep-2024 23:09:56.400 INFO [main] org.apache.catalina.startup.VersionLoggerListener.log Command line argument: -Dfile.encoding=UTF-8
25-Sep-2024 23:09:56.400 INFO [main] org.apache.catalina.startup.VersionLoggerListener.log Command line argument: -Dsun.stdout.encoding=UTF-8
25-Sep-2024 23:09:56.400 INFO [main] org.apache.catalina.startup.VersionLoggerListener.log Command line argument: -Dsun.stderr.encoding=UTF-8
25-Sep-2024 23:09:56.402 INFO [main] org.apache.catalina.core.AprLifecycleListener.lifecycleEvent Loaded Apache Tomcat Native library [2.0.7] using APR version [1.7.4].
25-Sep-2024 23:09:56.406 INFO [main] org.apache.catalina.core.AprLifecycleListener.initializeSSL OpenSSL successfully initialized [OpenSSL 3.0.13 30 Jan 2024]
25-Sep-2024 23:09:56.677 INFO [main] org.apache.coyote.AbstractProtocol.init Initializing ProtocolHandler ["http-nio-8080"]
25-Sep-2024 23:09:56.697 INFO [main] org.apache.catalina.startup.Catalina.load Server initialization in [491] milliseconds
25-Sep-2024 23:09:56.750 INFO [main] org.apache.catalina.core.StandardService.startInternal Starting service [Catalina]
25-Sep-2024 23:09:56.750 INFO [main] org.apache.catalina.core.StandardEngine.startInternal Starting Servlet engine: [Apache Tomcat/10.1.26]
25-Sep-2024 23:09:56.761 INFO [main] org.apache.catalina.startup.HostConfig.deployDescriptor Deploying deployment descriptor [D:\UTE_Huhu\HK1-2025\WEB\Week4\Ch05ex2\conf\Catalina\localhost\Ch05ex2.xml]
25-Sep-2024 23:09:57.028 INFO [main] org.apache.jasper.servlet.TldScanner.scanJars At least one JAR was scanned for TLDs yet contained no TLDs. Enable debug logging for this logger for a complete list of JARs that were scanned but no TLDs were found in them. Skipping unneeded JARs during scanning can improve startup time and JSP compilation time.
25-Sep-2024 23:09:57.067 INFO [main] org.apache.catalina.startup.HostConfig.deployDescriptor Deployment of deployment descriptor [D:\UTE_Huhu\HK1-2025\WEB\Week4\Ch05ex2\conf\Catalina\localhost\Ch05ex2.xml] has finished in [306] ms
25-Sep-2024 23:09:57.070 INFO [main] org.apache.coyote.AbstractProtocol.start Starting ProtocolHandler ["http-nio-8080"]
25-Sep-2024 23:09:57.088 INFO [main] org.apache.catalina.startup.Catalina.start Server startup in [390] milliseconds
25-Sep-2024 23:12:19.614 INFO [Thread-1] org.apache.coyote.AbstractProtocol.pause Pausing ProtocolHandler ["http-nio-8080"]
25-Sep-2024 23:12:19.620 INFO [Thread-1] org.apache.catalina.core.StandardService.stopInternal Stopping service [Catalina]
25-Sep-2024 23:12:19.630 INFO [Thread-1] org.apache.coyote.AbstractProtocol.stop Stopping ProtocolHandler ["http-nio-8080"]
25-Sep-2024 23:12:19.633 INFO [Thread-1] org.apache.coyote.AbstractProtocol.destroy Destroying ProtocolHandler ["http-nio-8080"]
