22-Sep-2024 20:52:10.545 INFO [main] org.apache.catalina.startup.VersionLoggerListener.log Server version name:   Apache Tomcat/10.1.26
22-Sep-2024 20:52:10.551 INFO [main] org.apache.catalina.startup.VersionLoggerListener.log Server built:          Jul 7 2024 21:02:13 UTC
22-Sep-2024 20:52:10.551 INFO [main] org.apache.catalina.startup.VersionLoggerListener.log Server version number: 10.1.26.0
22-Sep-2024 20:52:10.552 INFO [main] org.apache.catalina.startup.VersionLoggerListener.log OS Name:               Windows 11
22-Sep-2024 20:52:10.552 INFO [main] org.apache.catalina.startup.VersionLoggerListener.log OS Version:            10.0
22-Sep-2024 20:52:10.552 INFO [main] org.apache.catalina.startup.VersionLoggerListener.log Architecture:          amd64
22-Sep-2024 20:52:10.552 INFO [main] org.apache.catalina.startup.VersionLoggerListener.log Java Home:             C:\Users\AN CUTE\.jdks\openjdk-22.0.2
22-Sep-2024 20:52:10.552 INFO [main] org.apache.catalina.startup.VersionLoggerListener.log JVM Version:           22.0.2+9-70
22-Sep-2024 20:52:10.552 INFO [main] org.apache.catalina.startup.VersionLoggerListener.log JVM Vendor:            Oracle Corporation
22-Sep-2024 20:52:10.553 INFO [main] org.apache.catalina.startup.VersionLoggerListener.log CATALINA_BASE:         D:\UTE_Huhu\HK1-2025\WEB\Week4\Ch05ex2
22-Sep-2024 20:52:10.553 INFO [main] org.apache.catalina.startup.VersionLoggerListener.log CATALINA_HOME:         D:\UTE_Huhu\HK1-2025\WEB\TomCat\apache-tomcat-10.1.26
22-Sep-2024 20:52:10.565 INFO [main] org.apache.catalina.startup.VersionLoggerListener.log Command line argument: --add-opens=java.base/java.lang=ALL-UNNAMED
22-Sep-2024 20:52:10.566 INFO [main] org.apache.catalina.startup.VersionLoggerListener.log Command line argument: --add-opens=java.base/java.io=ALL-UNNAMED
22-Sep-2024 20:52:10.567 INFO [main] org.apache.catalina.startup.VersionLoggerListener.log Command line argument: --add-opens=java.base/java.util=ALL-UNNAMED
22-Sep-2024 20:52:10.567 INFO [main] org.apache.catalina.startup.VersionLoggerListener.log Command line argument: --add-opens=java.base/java.util.concurrent=ALL-UNNAMED
22-Sep-2024 20:52:10.568 INFO [main] org.apache.catalina.startup.VersionLoggerListener.log Command line argument: --add-opens=java.rmi/sun.rmi.transport=ALL-UNNAMED
22-Sep-2024 20:52:10.568 INFO [main] org.apache.catalina.startup.VersionLoggerListener.log Command line argument: -Dcatalina.home=D:\UTE_Huhu\HK1-2025\WEB\TomCat\apache-tomcat-10.1.26
22-Sep-2024 20:52:10.568 INFO [main] org.apache.catalina.startup.VersionLoggerListener.log Command line argument: -Dcatalina.base=D:\UTE_Huhu\HK1-2025\WEB\Week4\Ch05ex2
22-Sep-2024 20:52:10.569 INFO [main] org.apache.catalina.startup.VersionLoggerListener.log Command line argument: -Djava.io.tmpdir=D:\UTE_Huhu\HK1-2025\WEB\Week4\Ch05ex2\temp
22-Sep-2024 20:52:10.569 INFO [main] org.apache.catalina.startup.VersionLoggerListener.log Command line argument: -Djava.util.logging.config.file=D:\UTE_Huhu\HK1-2025\WEB\Week4\Ch05ex2\conf\logging.properties
22-Sep-2024 20:52:10.569 INFO [main] org.apache.catalina.startup.VersionLoggerListener.log Command line argument: -Djava.util.logging.manager=org.apache.juli.ClassLoaderLogManager
22-Sep-2024 20:52:10.569 INFO [main] org.apache.catalina.startup.VersionLoggerListener.log Command line argument: -javaagent:E:\Program\Intellij\IntelliJ IDEA 2024.2.1\lib\idea_rt.jar=53543:E:\Program\Intellij\IntelliJ IDEA 2024.2.1\bin
22-Sep-2024 20:52:10.570 INFO [main] org.apache.catalina.startup.VersionLoggerListener.log Command line argument: -Dfile.encoding=UTF-8
22-Sep-2024 20:52:10.570 INFO [main] org.apache.catalina.startup.VersionLoggerListener.log Command line argument: -Dsun.stdout.encoding=UTF-8
22-Sep-2024 20:52:10.570 INFO [main] org.apache.catalina.startup.VersionLoggerListener.log Command line argument: -Dsun.stderr.encoding=UTF-8
22-Sep-2024 20:52:10.575 INFO [main] org.apache.catalina.core.AprLifecycleListener.lifecycleEvent Loaded Apache Tomcat Native library [2.0.7] using APR version [1.7.4].
22-Sep-2024 20:52:10.582 INFO [main] org.apache.catalina.core.AprLifecycleListener.initializeSSL OpenSSL successfully initialized [OpenSSL 3.0.13 30 Jan 2024]
22-Sep-2024 20:52:10.872 INFO [main] org.apache.coyote.AbstractProtocol.init Initializing ProtocolHandler ["http-nio-8080"]
22-Sep-2024 20:52:10.886 INFO [main] org.apache.catalina.startup.Catalina.load Server initialization in [530] milliseconds
22-Sep-2024 20:52:10.926 INFO [main] org.apache.catalina.core.StandardService.startInternal Starting service [Catalina]
22-Sep-2024 20:52:10.926 INFO [main] org.apache.catalina.core.StandardEngine.startInternal Starting Servlet engine: [Apache Tomcat/10.1.26]
22-Sep-2024 20:52:10.937 INFO [main] org.apache.catalina.startup.HostConfig.deployDescriptor Deploying deployment descriptor [D:\UTE_Huhu\HK1-2025\WEB\Week4\Ch05ex2\conf\Catalina\localhost\Ch05ex2.xml]
22-Sep-2024 20:52:11.213 INFO [main] org.apache.jasper.servlet.TldScanner.scanJars At least one JAR was scanned for TLDs yet contained no TLDs. Enable debug logging for this logger for a complete list of JARs that were scanned but no TLDs were found in them. Skipping unneeded JARs during scanning can improve startup time and JSP compilation time.
22-Sep-2024 20:52:11.255 INFO [main] org.apache.catalina.startup.HostConfig.deployDescriptor Deployment of deployment descriptor [D:\UTE_Huhu\HK1-2025\WEB\Week4\Ch05ex2\conf\Catalina\localhost\Ch05ex2.xml] has finished in [317] ms
22-Sep-2024 20:52:11.259 INFO [main] org.apache.coyote.AbstractProtocol.start Starting ProtocolHandler ["http-nio-8080"]
22-Sep-2024 20:52:11.281 INFO [main] org.apache.catalina.startup.Catalina.start Server startup in [392] milliseconds
22-Sep-2024 21:08:51.364 INFO [Thread-1] org.apache.coyote.AbstractProtocol.pause Pausing ProtocolHandler ["http-nio-8080"]
22-Sep-2024 21:08:51.368 INFO [Thread-1] org.apache.catalina.core.StandardService.stopInternal Stopping service [Catalina]
22-Sep-2024 21:08:51.376 INFO [Thread-1] org.apache.coyote.AbstractProtocol.stop Stopping ProtocolHandler ["http-nio-8080"]
22-Sep-2024 21:08:51.381 INFO [Thread-1] org.apache.coyote.AbstractProtocol.destroy Destroying ProtocolHandler ["http-nio-8080"]
22-Sep-2024 21:12:32.348 INFO [main] org.apache.catalina.startup.VersionLoggerListener.log Server version name:   Apache Tomcat/10.1.26
22-Sep-2024 21:12:32.351 INFO [main] org.apache.catalina.startup.VersionLoggerListener.log Server built:          Jul 7 2024 21:02:13 UTC
22-Sep-2024 21:12:32.351 INFO [main] org.apache.catalina.startup.VersionLoggerListener.log Server version number: 10.1.26.0
22-Sep-2024 21:12:32.352 INFO [main] org.apache.catalina.startup.VersionLoggerListener.log OS Name:               Windows 11
22-Sep-2024 21:12:32.352 INFO [main] org.apache.catalina.startup.VersionLoggerListener.log OS Version:            10.0
22-Sep-2024 21:12:32.352 INFO [main] org.apache.catalina.startup.VersionLoggerListener.log Architecture:          amd64
22-Sep-2024 21:12:32.352 INFO [main] org.apache.catalina.startup.VersionLoggerListener.log Java Home:             C:\Users\AN CUTE\.jdks\openjdk-22.0.2
22-Sep-2024 21:12:32.352 INFO [main] org.apache.catalina.startup.VersionLoggerListener.log JVM Version:           22.0.2+9-70
22-Sep-2024 21:12:32.352 INFO [main] org.apache.catalina.startup.VersionLoggerListener.log JVM Vendor:            Oracle Corporation
22-Sep-2024 21:12:32.352 INFO [main] org.apache.catalina.startup.VersionLoggerListener.log CATALINA_BASE:         D:\UTE_Huhu\HK1-2025\WEB\Week4\Ch05ex2
22-Sep-2024 21:12:32.353 INFO [main] org.apache.catalina.startup.VersionLoggerListener.log CATALINA_HOME:         D:\UTE_Huhu\HK1-2025\WEB\TomCat\apache-tomcat-10.1.26
22-Sep-2024 21:12:32.360 INFO [main] org.apache.catalina.startup.VersionLoggerListener.log Command line argument: --add-opens=java.base/java.lang=ALL-UNNAMED
22-Sep-2024 21:12:32.360 INFO [main] org.apache.catalina.startup.VersionLoggerListener.log Command line argument: --add-opens=java.base/java.io=ALL-UNNAMED
22-Sep-2024 21:12:32.360 INFO [main] org.apache.catalina.startup.VersionLoggerListener.log Command line argument: --add-opens=java.base/java.util=ALL-UNNAMED
22-Sep-2024 21:12:32.360 INFO [main] org.apache.catalina.startup.VersionLoggerListener.log Command line argument: --add-opens=java.base/java.util.concurrent=ALL-UNNAMED
22-Sep-2024 21:12:32.360 INFO [main] org.apache.catalina.startup.VersionLoggerListener.log Command line argument: --add-opens=java.rmi/sun.rmi.transport=ALL-UNNAMED
22-Sep-2024 21:12:32.360 INFO [main] org.apache.catalina.startup.VersionLoggerListener.log Command line argument: -Dcatalina.home=D:\UTE_Huhu\HK1-2025\WEB\TomCat\apache-tomcat-10.1.26
22-Sep-2024 21:12:32.360 INFO [main] org.apache.catalina.startup.VersionLoggerListener.log Command line argument: -Dcatalina.base=D:\UTE_Huhu\HK1-2025\WEB\Week4\Ch05ex2
22-Sep-2024 21:12:32.360 INFO [main] org.apache.catalina.startup.VersionLoggerListener.log Command line argument: -Djava.io.tmpdir=D:\UTE_Huhu\HK1-2025\WEB\Week4\Ch05ex2\temp
22-Sep-2024 21:12:32.360 INFO [main] org.apache.catalina.startup.VersionLoggerListener.log Command line argument: -Djava.util.logging.config.file=D:\UTE_Huhu\HK1-2025\WEB\Week4\Ch05ex2\conf\logging.properties
22-Sep-2024 21:12:32.360 INFO [main] org.apache.catalina.startup.VersionLoggerListener.log Command line argument: -Djava.util.logging.manager=org.apache.juli.ClassLoaderLogManager
22-Sep-2024 21:12:32.360 INFO [main] org.apache.catalina.startup.VersionLoggerListener.log Command line argument: -javaagent:E:\Program\Intellij\IntelliJ IDEA 2024.2.1\lib\idea_rt.jar=54169:E:\Program\Intellij\IntelliJ IDEA 2024.2.1\bin
22-Sep-2024 21:12:32.360 INFO [main] org.apache.catalina.startup.VersionLoggerListener.log Command line argument: -Dfile.encoding=UTF-8
22-Sep-2024 21:12:32.360 INFO [main] org.apache.catalina.startup.VersionLoggerListener.log Command line argument: -Dsun.stdout.encoding=UTF-8
22-Sep-2024 21:12:32.360 INFO [main] org.apache.catalina.startup.VersionLoggerListener.log Command line argument: -Dsun.stderr.encoding=UTF-8
22-Sep-2024 21:12:32.382 INFO [main] org.apache.catalina.core.AprLifecycleListener.lifecycleEvent Loaded Apache Tomcat Native library [2.0.7] using APR version [1.7.4].
22-Sep-2024 21:12:32.387 INFO [main] org.apache.catalina.core.AprLifecycleListener.initializeSSL OpenSSL successfully initialized [OpenSSL 3.0.13 30 Jan 2024]
22-Sep-2024 21:12:32.650 INFO [main] org.apache.coyote.AbstractProtocol.init Initializing ProtocolHandler ["http-nio-8080"]
22-Sep-2024 21:12:32.675 INFO [main] org.apache.catalina.startup.Catalina.load Server initialization in [473] milliseconds
22-Sep-2024 21:12:32.709 INFO [main] org.apache.catalina.core.StandardService.startInternal Starting service [Catalina]
22-Sep-2024 21:12:32.709 INFO [main] org.apache.catalina.core.StandardEngine.startInternal Starting Servlet engine: [Apache Tomcat/10.1.26]
22-Sep-2024 21:12:32.718 INFO [main] org.apache.catalina.startup.HostConfig.deployDescriptor Deploying deployment descriptor [D:\UTE_Huhu\HK1-2025\WEB\Week4\Ch05ex2\conf\Catalina\localhost\Ch05ex2.xml]
22-Sep-2024 21:12:33.000 INFO [main] org.apache.jasper.servlet.TldScanner.scanJars At least one JAR was scanned for TLDs yet contained no TLDs. Enable debug logging for this logger for a complete list of JARs that were scanned but no TLDs were found in them. Skipping unneeded JARs during scanning can improve startup time and JSP compilation time.
22-Sep-2024 21:12:33.064 INFO [main] org.apache.catalina.startup.HostConfig.deployDescriptor Deployment of deployment descriptor [D:\UTE_Huhu\HK1-2025\WEB\Week4\Ch05ex2\conf\Catalina\localhost\Ch05ex2.xml] has finished in [346] ms
22-Sep-2024 21:12:33.069 INFO [main] org.apache.coyote.AbstractProtocol.start Starting ProtocolHandler ["http-nio-8080"]
22-Sep-2024 21:12:33.098 INFO [main] org.apache.catalina.startup.Catalina.start Server startup in [421] milliseconds
22-Sep-2024 21:14:39.078 INFO [Thread-1] org.apache.coyote.AbstractProtocol.pause Pausing ProtocolHandler ["http-nio-8080"]
22-Sep-2024 21:14:39.083 INFO [Thread-1] org.apache.catalina.core.StandardService.stopInternal Stopping service [Catalina]
22-Sep-2024 21:14:39.091 INFO [Thread-1] org.apache.coyote.AbstractProtocol.stop Stopping ProtocolHandler ["http-nio-8080"]
22-Sep-2024 21:14:39.094 INFO [Thread-1] org.apache.coyote.AbstractProtocol.destroy Destroying ProtocolHandler ["http-nio-8080"]
22-Sep-2024 22:03:15.757 INFO [main] org.apache.catalina.startup.VersionLoggerListener.log Server version name:   Apache Tomcat/10.1.26
22-Sep-2024 22:03:15.760 INFO [main] org.apache.catalina.startup.VersionLoggerListener.log Server built:          Jul 7 2024 21:02:13 UTC
22-Sep-2024 22:03:15.760 INFO [main] org.apache.catalina.startup.VersionLoggerListener.log Server version number: 10.1.26.0
22-Sep-2024 22:03:15.761 INFO [main] org.apache.catalina.startup.VersionLoggerListener.log OS Name:               Windows 11
22-Sep-2024 22:03:15.761 INFO [main] org.apache.catalina.startup.VersionLoggerListener.log OS Version:            10.0
22-Sep-2024 22:03:15.761 INFO [main] org.apache.catalina.startup.VersionLoggerListener.log Architecture:          amd64
22-Sep-2024 22:03:15.761 INFO [main] org.apache.catalina.startup.VersionLoggerListener.log Java Home:             C:\Users\AN CUTE\.jdks\openjdk-22.0.2
22-Sep-2024 22:03:15.761 INFO [main] org.apache.catalina.startup.VersionLoggerListener.log JVM Version:           22.0.2+9-70
22-Sep-2024 22:03:15.761 INFO [main] org.apache.catalina.startup.VersionLoggerListener.log JVM Vendor:            Oracle Corporation
22-Sep-2024 22:03:15.761 INFO [main] org.apache.catalina.startup.VersionLoggerListener.log CATALINA_BASE:         D:\UTE_Huhu\HK1-2025\WEB\Week4\Ch05ex2
22-Sep-2024 22:03:15.761 INFO [main] org.apache.catalina.startup.VersionLoggerListener.log CATALINA_HOME:         D:\UTE_Huhu\HK1-2025\WEB\TomCat\apache-tomcat-10.1.26
22-Sep-2024 22:03:15.770 INFO [main] org.apache.catalina.startup.VersionLoggerListener.log Command line argument: --add-opens=java.base/java.lang=ALL-UNNAMED
22-Sep-2024 22:03:15.770 INFO [main] org.apache.catalina.startup.VersionLoggerListener.log Command line argument: --add-opens=java.base/java.io=ALL-UNNAMED
22-Sep-2024 22:03:15.771 INFO [main] org.apache.catalina.startup.VersionLoggerListener.log Command line argument: --add-opens=java.base/java.util=ALL-UNNAMED
22-Sep-2024 22:03:15.771 INFO [main] org.apache.catalina.startup.VersionLoggerListener.log Command line argument: --add-opens=java.base/java.util.concurrent=ALL-UNNAMED
22-Sep-2024 22:03:15.771 INFO [main] org.apache.catalina.startup.VersionLoggerListener.log Command line argument: --add-opens=java.rmi/sun.rmi.transport=ALL-UNNAMED
22-Sep-2024 22:03:15.771 INFO [main] org.apache.catalina.startup.VersionLoggerListener.log Command line argument: -Dcatalina.home=D:\UTE_Huhu\HK1-2025\WEB\TomCat\apache-tomcat-10.1.26
22-Sep-2024 22:03:15.771 INFO [main] org.apache.catalina.startup.VersionLoggerListener.log Command line argument: -Dcatalina.base=D:\UTE_Huhu\HK1-2025\WEB\Week4\Ch05ex2
22-Sep-2024 22:03:15.771 INFO [main] org.apache.catalina.startup.VersionLoggerListener.log Command line argument: -Djava.io.tmpdir=D:\UTE_Huhu\HK1-2025\WEB\Week4\Ch05ex2\temp
22-Sep-2024 22:03:15.771 INFO [main] org.apache.catalina.startup.VersionLoggerListener.log Command line argument: -Djava.util.logging.config.file=D:\UTE_Huhu\HK1-2025\WEB\Week4\Ch05ex2\conf\logging.properties
22-Sep-2024 22:03:15.771 INFO [main] org.apache.catalina.startup.VersionLoggerListener.log Command line argument: -Djava.util.logging.manager=org.apache.juli.ClassLoaderLogManager
22-Sep-2024 22:03:15.771 INFO [main] org.apache.catalina.startup.VersionLoggerListener.log Command line argument: -javaagent:E:\Program\Intellij\IntelliJ IDEA 2024.2.1\lib\idea_rt.jar=55956:E:\Program\Intellij\IntelliJ IDEA 2024.2.1\bin
22-Sep-2024 22:03:15.771 INFO [main] org.apache.catalina.startup.VersionLoggerListener.log Command line argument: -Dfile.encoding=UTF-8
22-Sep-2024 22:03:15.771 INFO [main] org.apache.catalina.startup.VersionLoggerListener.log Command line argument: -Dsun.stdout.encoding=UTF-8
22-Sep-2024 22:03:15.771 INFO [main] org.apache.catalina.startup.VersionLoggerListener.log Command line argument: -Dsun.stderr.encoding=UTF-8
22-Sep-2024 22:03:15.774 INFO [main] org.apache.catalina.core.AprLifecycleListener.lifecycleEvent Loaded Apache Tomcat Native library [2.0.7] using APR version [1.7.4].
22-Sep-2024 22:03:15.778 INFO [main] org.apache.catalina.core.AprLifecycleListener.initializeSSL OpenSSL successfully initialized [OpenSSL 3.0.13 30 Jan 2024]
22-Sep-2024 22:03:16.086 INFO [main] org.apache.coyote.AbstractProtocol.init Initializing ProtocolHandler ["http-nio-8080"]
22-Sep-2024 22:03:16.115 INFO [main] org.apache.catalina.startup.Catalina.load Server initialization in [507] milliseconds
22-Sep-2024 22:03:16.162 INFO [main] org.apache.catalina.core.StandardService.startInternal Starting service [Catalina]
22-Sep-2024 22:03:16.162 INFO [main] org.apache.catalina.core.StandardEngine.startInternal Starting Servlet engine: [Apache Tomcat/10.1.26]
22-Sep-2024 22:03:16.172 INFO [main] org.apache.catalina.startup.HostConfig.deployDescriptor Deploying deployment descriptor [D:\UTE_Huhu\HK1-2025\WEB\Week4\Ch05ex2\conf\Catalina\localhost\Ch05ex2.xml]
22-Sep-2024 22:03:16.477 INFO [main] org.apache.jasper.servlet.TldScanner.scanJars At least one JAR was scanned for TLDs yet contained no TLDs. Enable debug logging for this logger for a complete list of JARs that were scanned but no TLDs were found in them. Skipping unneeded JARs during scanning can improve startup time and JSP compilation time.
22-Sep-2024 22:03:16.519 INFO [main] org.apache.catalina.startup.HostConfig.deployDescriptor Deployment of deployment descriptor [D:\UTE_Huhu\HK1-2025\WEB\Week4\Ch05ex2\conf\Catalina\localhost\Ch05ex2.xml] has finished in [347] ms
22-Sep-2024 22:03:16.522 INFO [main] org.apache.coyote.AbstractProtocol.start Starting ProtocolHandler ["http-nio-8080"]
22-Sep-2024 22:03:16.544 INFO [main] org.apache.catalina.startup.Catalina.start Server startup in [427] milliseconds
22-Sep-2024 22:11:37.006 INFO [Catalina-utility-2] org.apache.catalina.startup.HostConfig.reload Reloading context [/Ch05ex2]
22-Sep-2024 22:11:37.008 INFO [Catalina-utility-2] org.apache.catalina.core.StandardContext.reload Reloading Context with name [/Ch05ex2] has started
22-Sep-2024 22:11:37.070 INFO [Catalina-utility-2] org.apache.jasper.servlet.TldScanner.scanJars At least one JAR was scanned for TLDs yet contained no TLDs. Enable debug logging for this logger for a complete list of JARs that were scanned but no TLDs were found in them. Skipping unneeded JARs during scanning can improve startup time and JSP compilation time.
22-Sep-2024 22:11:37.073 INFO [Catalina-utility-2] org.apache.catalina.core.StandardContext.reload Reloading Context with name [/Ch05ex2] is completed
22-Sep-2024 23:31:32.513 INFO [Thread-1] org.apache.coyote.AbstractProtocol.pause Pausing ProtocolHandler ["http-nio-8080"]
22-Sep-2024 23:31:32.528 INFO [Thread-1] org.apache.catalina.core.StandardService.stopInternal Stopping service [Catalina]
22-Sep-2024 23:31:32.528 INFO [Thread-1] org.apache.coyote.AbstractProtocol.stop Stopping ProtocolHandler ["http-nio-8080"]
22-Sep-2024 23:31:32.544 INFO [Thread-1] org.apache.coyote.AbstractProtocol.destroy Destroying ProtocolHandler ["http-nio-8080"]
